<?xml version="1.0" encoding="UTF-8"?>
<testsuite name="TestAutomationTasks.OunassTest" tests="3" skipped="0" failures="2" errors="0" timestamp="2018-12-03T18:29:35" hostname="Karma-MBP.lan" time="64.029">
  <properties/>
  <testcase name="VerifyProductsPageLoadMoreBtn" classname="TestAutomationTasks.OunassTest" time="25.784"/>
  <testcase name="VerifyAlanuiFilter" classname="TestAutomationTasks.OunassTest" time="4.082">
    <failure message="java.lang.AssertionError: Couldn't click because ofunknown error: Element &lt;a href=&quot;#&quot; class=&quot;toggle-more&quot; data-less-text=&quot;less designers &lt;&quot;&gt;...&lt;/a&gt; is not clickable at point (278, 9). Other element would receive the click: &lt;nav class=&quot;mainNav sticky&quot;&gt;...&lt;/nav&gt;&#10;  (Session info: chrome=70.0.3538.110)&#10;  (Driver info: chromedriver=71.0.3578.33 (269aa0e3f0db08097f0fe231c7e6be200b6939f7),platform=Mac OS X 10.13.6 x86_64) (WARNING: The server did not provide any stacktrace information)&#10;Command duration or timeout: 139 milliseconds&#10;Build info: version: '2.53.0', revision: '35ae25b', time: '2016-03-15 17:00:58'&#10;System info: host: 'Karma-MBP.lan', ip: '192.168.1.157', os.name: 'Mac OS X', os.arch: 'x86_64', os.version: '10.13.6', java.version: '1.8.0_192'&#10;Driver info: org.openqa.selenium.chrome.ChromeDriver&#10;Capabilities [{mobileEmulationEnabled=false, hasTouchScreen=false, platform=MAC, acceptSslCerts=false, goog:chromeOptions={debuggerAddress=localhost:64016}, acceptInsecureCerts=false, webStorageEnabled=true, browserName=chrome, takesScreenshot=true, javascriptEnabled=true, setWindowRect=true, unexpectedAlertBehaviour=, applicationCacheEnabled=false, rotatable=false, networkConnectionEnabled=false, chrome={chromedriverVersion=71.0.3578.33 (269aa0e3f0db08097f0fe231c7e6be200b6939f7), userDataDir=/var/folders/86/mkzzs7_j68968bk5k83mw5x80000gp/T/.com.google.Chrome.ldgZhi}, takesHeapSnapshot=true, pageLoadStrategy=normal, databaseEnabled=false, handlesAlerts=true, version=70.0.3538.110, browserConnectionEnabled=false, nativeEvents=true, locationContextEnabled=true, cssSelectorsEnabled=true}]&#10;Session ID: a13f6bfada2ed77bd39046035edcdc6a" type="java.lang.AssertionError">java.lang.AssertionError: Couldn't click because ofunknown error: Element &lt;a href=&quot;#&quot; class=&quot;toggle-more&quot; data-less-text=&quot;less designers &lt;&quot;&gt;...&lt;/a&gt; is not clickable at point (278, 9). Other element would receive the click: &lt;nav class=&quot;mainNav sticky&quot;&gt;...&lt;/nav&gt;
  (Session info: chrome=70.0.3538.110)
  (Driver info: chromedriver=71.0.3578.33 (269aa0e3f0db08097f0fe231c7e6be200b6939f7),platform=Mac OS X 10.13.6 x86_64) (WARNING: The server did not provide any stacktrace information)
Command duration or timeout: 139 milliseconds
Build info: version: '2.53.0', revision: '35ae25b', time: '2016-03-15 17:00:58'
System info: host: 'Karma-MBP.lan', ip: '192.168.1.157', os.name: 'Mac OS X', os.arch: 'x86_64', os.version: '10.13.6', java.version: '1.8.0_192'
Driver info: org.openqa.selenium.chrome.ChromeDriver
Capabilities [{mobileEmulationEnabled=false, hasTouchScreen=false, platform=MAC, acceptSslCerts=false, goog:chromeOptions={debuggerAddress=localhost:64016}, acceptInsecureCerts=false, webStorageEnabled=true, browserName=chrome, takesScreenshot=true, javascriptEnabled=true, setWindowRect=true, unexpectedAlertBehaviour=, applicationCacheEnabled=false, rotatable=false, networkConnectionEnabled=false, chrome={chromedriverVersion=71.0.3578.33 (269aa0e3f0db08097f0fe231c7e6be200b6939f7), userDataDir=/var/folders/86/mkzzs7_j68968bk5k83mw5x80000gp/T/.com.google.Chrome.ldgZhi}, takesHeapSnapshot=true, pageLoadStrategy=normal, databaseEnabled=false, handlesAlerts=true, version=70.0.3538.110, browserConnectionEnabled=false, nativeEvents=true, locationContextEnabled=true, cssSelectorsEnabled=true}]
Session ID: a13f6bfada2ed77bd39046035edcdc6a
	at org.testng.Assert.fail(Assert.java:94)
	at POM.CommonActions.clickOn(CommonActions.java:118)
	at POM.OunassPageObject.filterAlanui(OunassPageObject.java:173)
	at TestAutomationTasks.OunassTest.VerifyAlanuiFilter(OunassTest.java:53)
	at sun.reflect.NativeMethodAccessorImpl.invoke0(Native Method)
	at sun.reflect.NativeMethodAccessorImpl.invoke(NativeMethodAccessorImpl.java:62)
	at sun.reflect.DelegatingMethodAccessorImpl.invoke(DelegatingMethodAccessorImpl.java:43)
	at java.lang.reflect.Method.invoke(Method.java:498)
	at org.testng.internal.MethodInvocationHelper.invokeMethod(MethodInvocationHelper.java:85)
	at org.testng.internal.Invoker.invokeMethod(Invoker.java:639)
	at org.testng.internal.Invoker.invokeTestMethod(Invoker.java:816)
	at org.testng.internal.Invoker.invokeTestMethods(Invoker.java:1124)
	at org.testng.internal.TestMethodWorker.invokeTestMethods(TestMethodWorker.java:125)
	at org.testng.internal.TestMethodWorker.run(TestMethodWorker.java:108)
	at org.testng.TestRunner.privateRun(TestRunner.java:774)
	at org.testng.TestRunner.run(TestRunner.java:624)
	at org.testng.SuiteRunner.runTest(SuiteRunner.java:359)
	at org.testng.SuiteRunner.access$000(SuiteRunner.java:39)
	at org.testng.SuiteRunner$SuiteWorker.run(SuiteRunner.java:393)
	at org.testng.internal.thread.ThreadUtil$2.call(ThreadUtil.java:64)
	at java.util.concurrent.FutureTask.run(FutureTask.java:266)
	at java.util.concurrent.ThreadPoolExecutor.runWorker(ThreadPoolExecutor.java:1149)
	at java.util.concurrent.ThreadPoolExecutor$Worker.run(ThreadPoolExecutor.java:624)
	at java.lang.Thread.run(Thread.java:748)
</failure>
  </testcase>
  <testcase name="loginWithFacebook" classname="TestAutomationTasks.OunassTest" time="34.161">
    <failure message="java.lang.AssertionError: Couldn't Open Facebook Window" type="java.lang.AssertionError">java.lang.AssertionError: Couldn't Open Facebook Window
	at org.junit.Assert.fail(Assert.java:88)
	at POM.OunassPageObject.amberLoginWithFacebook(OunassPageObject.java:114)
	at POM.OunassPageObject.loginWithFacebook(OunassPageObject.java:67)
	at TestAutomationTasks.OunassTest.loginWithFacebook(OunassTest.java:36)
	at sun.reflect.NativeMethodAccessorImpl.invoke0(Native Method)
	at sun.reflect.NativeMethodAccessorImpl.invoke(NativeMethodAccessorImpl.java:62)
	at sun.reflect.DelegatingMethodAccessorImpl.invoke(DelegatingMethodAccessorImpl.java:43)
	at java.lang.reflect.Method.invoke(Method.java:498)
	at org.testng.internal.MethodInvocationHelper.invokeMethod(MethodInvocationHelper.java:85)
	at org.testng.internal.Invoker.invokeMethod(Invoker.java:639)
	at org.testng.internal.Invoker.invokeTestMethod(Invoker.java:816)
	at org.testng.internal.Invoker.invokeTestMethods(Invoker.java:1124)
	at org.testng.internal.TestMethodWorker.invokeTestMethods(TestMethodWorker.java:125)
	at org.testng.internal.TestMethodWorker.run(TestMethodWorker.java:108)
	at org.testng.TestRunner.privateRun(TestRunner.java:774)
	at org.testng.TestRunner.run(TestRunner.java:624)
	at org.testng.SuiteRunner.runTest(SuiteRunner.java:359)
	at org.testng.SuiteRunner.access$000(SuiteRunner.java:39)
	at org.testng.SuiteRunner$SuiteWorker.run(SuiteRunner.java:393)
	at org.testng.internal.thread.ThreadUtil$2.call(ThreadUtil.java:64)
	at java.util.concurrent.FutureTask.run(FutureTask.java:266)
	at java.util.concurrent.ThreadPoolExecutor.runWorker(ThreadPoolExecutor.java:1149)
	at java.util.concurrent.ThreadPoolExecutor$Worker.run(ThreadPoolExecutor.java:624)
	at java.lang.Thread.run(Thread.java:748)
</failure>
  </testcase>
  <system-out><![CDATA[]]></system-out>
  <system-err><![CDATA[]]></system-err>
</testsuite>
